The system is: Linux - 3.10.0-1160.36.2.el7.x86_64 - x86_64
Compiling the C compiler identification source file "CMakeCCompilerId.c" succeeded.
Compiler: /scratch/jcerasol/miniforge3/envs/root_TP/bin/x86_64-conda-linux-gnu-cc 
Build flags: -march=nocona;-mtune=haswell;-ftree-vectorize;-fPIC;-fstack-protector-strong;-fno-plt;-O2;-ffunction-sections;-pipe;-isystem;/scratch/jcerasol/miniforge3/envs/root_TP/include
Id flags: 

The output was:
0


Compilation of the C compiler identification source "CMakeCCompilerId.c" produced "a.out"

The C compiler identification is GNU, found in "/home/ftouchte/TIPP/JUNO/build/CMakeFiles/2.8.12.2/CompilerIdC/a.out"

Compiling the CXX compiler identification source file "CMakeCXXCompilerId.cpp" succeeded.
Compiler: /scratch/jcerasol/miniforge3/envs/root_TP/bin/x86_64-conda-linux-gnu-c++ 
Build flags: -fvisibility-inlines-hidden;-fmessage-length=0;-march=nocona;-mtune=haswell;-ftree-vectorize;-fPIC;-fstack-protector-strong;-fno-plt;-O2;-ffunction-sections;-pipe;-isystem;/scratch/jcerasol/miniforge3/envs/root_TP/include
Id flags: 

The output was:
0


Compilation of the CXX compiler identification source "CMakeCXXCompilerId.cpp" produced "a.out"

The CXX compiler identification is GNU, found in "/home/ftouchte/TIPP/JUNO/build/CMakeFiles/2.8.12.2/CompilerIdCXX/a.out"

Determining if the C compiler works passed with the following output:
Change Dir: /home/ftouchte/TIPP/JUNO/build/CMakeFiles/CMakeTmp

Run Build Command:/usr/bin/gmake "cmTryCompileExec3058282580/fast"
/usr/bin/gmake -f CMakeFiles/cmTryCompileExec3058282580.dir/build.make CMakeFiles/cmTryCompileExec3058282580.dir/build
gmake[1]: Entering directory `/iphc/home/ftouchte/TIPP/JUNO/build/CMakeFiles/CMakeTmp'
/usr/bin/cmake -E cmake_progress_report /home/ftouchte/TIPP/JUNO/build/CMakeFiles/CMakeTmp/CMakeFiles 1
Building C object CMakeFiles/cmTryCompileExec3058282580.dir/testCCompiler.c.o
/scratch/jcerasol/miniforge3/envs/root_TP/bin/x86_64-conda-linux-gnu-cc   -march=nocona -mtune=haswell -ftree-vectorize -fPIC -fstack-protector-strong -fno-plt -O2 -ffunction-sections -pipe -isystem /scratch/jcerasol/miniforge3/envs/root_TP/include     -o CMakeFiles/cmTryCompileExec3058282580.dir/testCCompiler.c.o   -c /home/ftouchte/TIPP/JUNO/build/CMakeFiles/CMakeTmp/testCCompiler.c
Linking C executable cmTryCompileExec3058282580
/usr/bin/cmake -E cmake_link_script CMakeFiles/cmTryCompileExec3058282580.dir/link.txt --verbose=1
/scratch/jcerasol/miniforge3/envs/root_TP/bin/x86_64-conda-linux-gnu-cc  -march=nocona -mtune=haswell -ftree-vectorize -fPIC -fstack-protector-strong -fno-plt -O2 -ffunction-sections -pipe -isystem /scratch/jcerasol/miniforge3/envs/root_TP/include     -Wl,-O2 -Wl,--sort-common -Wl,--as-needed -Wl,-z,relro -Wl,-z,now -Wl,--disable-new-dtags -Wl,--gc-sections -Wl,--allow-shlib-undefined -Wl,-rpath,/scratch/jcerasol/miniforge3/envs/root_TP/lib -Wl,-rpath-link,/scratch/jcerasol/miniforge3/envs/root_TP/lib -L/scratch/jcerasol/miniforge3/envs/root_TP/lib CMakeFiles/cmTryCompileExec3058282580.dir/testCCompiler.c.o  -o cmTryCompileExec3058282580 -rdynamic 
gmake[1]: Leaving directory `/iphc/home/ftouchte/TIPP/JUNO/build/CMakeFiles/CMakeTmp'


Detecting C compiler ABI info compiled with the following output:
Change Dir: /home/ftouchte/TIPP/JUNO/build/CMakeFiles/CMakeTmp

Run Build Command:/usr/bin/gmake "cmTryCompileExec756241315/fast"
/usr/bin/gmake -f CMakeFiles/cmTryCompileExec756241315.dir/build.make CMakeFiles/cmTryCompileExec756241315.dir/build
gmake[1]: Entering directory `/iphc/home/ftouchte/TIPP/JUNO/build/CMakeFiles/CMakeTmp'
/usr/bin/cmake -E cmake_progress_report /home/ftouchte/TIPP/JUNO/build/CMakeFiles/CMakeTmp/CMakeFiles 1
Building C object CMakeFiles/cmTryCompileExec756241315.dir/CMakeCCompilerABI.c.o
/scratch/jcerasol/miniforge3/envs/root_TP/bin/x86_64-conda-linux-gnu-cc   -march=nocona -mtune=haswell -ftree-vectorize -fPIC -fstack-protector-strong -fno-plt -O2 -ffunction-sections -pipe -isystem /scratch/jcerasol/miniforge3/envs/root_TP/include     -o CMakeFiles/cmTryCompileExec756241315.dir/CMakeCCompilerABI.c.o   -c /usr/share/cmake/Modules/CMakeCCompilerABI.c
Linking C executable cmTryCompileExec756241315
/usr/bin/cmake -E cmake_link_script CMakeFiles/cmTryCompileExec756241315.dir/link.txt --verbose=1
/scratch/jcerasol/miniforge3/envs/root_TP/bin/x86_64-conda-linux-gnu-cc  -march=nocona -mtune=haswell -ftree-vectorize -fPIC -fstack-protector-strong -fno-plt -O2 -ffunction-sections -pipe -isystem /scratch/jcerasol/miniforge3/envs/root_TP/include    -v CMakeFiles/cmTryCompileExec756241315.dir/CMakeCCompilerABI.c.o  -o cmTryCompileExec756241315 -rdynamic  
Reading specs from /iphc/scratch/jcerasol/miniforge3/envs/root_TP/bin/../lib/gcc/x86_64-conda-linux-gnu/12.3.0/specs
could not find specs file conda.specs
COLLECT_GCC=/scratch/jcerasol/miniforge3/envs/root_TP/bin/x86_64-conda-linux-gnu-cc
COLLECT_LTO_WRAPPER=/iphc/scratch/jcerasol/miniforge3/envs/root_TP/bin/../libexec/gcc/x86_64-conda-linux-gnu/12.3.0/lto-wrapper
Target: x86_64-conda-linux-gnu
Configured with: ../configure --prefix=/home/conda/feedstock_root/build_artifacts/gcc_compilers_1699751145211/_h_env_placehold_placehold_placehold_placehold_placehold_placehold_placehold_placehold_placehold_placehold_placehold_placehold_placehold_placehold_placehold_placehold_placehold_placeho --with-slibdir=/home/conda/feedstock_root/build_artifacts/gcc_compilers_1699751145211/_h_env_placehold_placehold_placehold_placehold_placehold_placehold_placehold_placehold_placehold_placehold_placehold_placehold_placehold_placehold_placehold_placehold_placehold_placeho/lib --libdir=/home/conda/feedstock_root/build_artifacts/gcc_compilers_1699751145211/_h_env_placehold_placehold_placehold_placehold_placehold_placehold_placehold_placehold_placehold_placehold_placehold_placehold_placehold_placehold_placehold_placehold_placehold_placeho/lib --mandir=/home/conda/feedstock_root/build_artifacts/gcc_compilers_1699751145211/_h_env_placehold_placehold_placehold_placehold_placehold_placehold_placehold_placehold_placehold_placehold_placehold_placehold_placehold_placehold_placehold_placehold_placehold_placeho/man --build=x86_64-conda-linux-gnu --host=x86_64-conda-linux-gnu --target=x86_64-conda-linux-gnu --enable-default-pie --enable-languages=c,c++,fortran,objc,obj-c++ --enable-__cxa_atexit --disable-libmudflap --enable-libgomp --disable-libssp --enable-libquadmath --enable-libquadmath-support --enable-libsanitizer --enable-lto --enable-threads=posix --enable-target-optspace --enable-plugin --enable-gold --disable-nls --disable-bootstrap --disable-multilib --enable-long-long --with-sysroot=/home/conda/feedstock_root/build_artifacts/gcc_compilers_1699751145211/_h_env_placehold_placehold_placehold_placehold_placehold_placehold_placehold_placehold_placehold_placehold_placehold_placehold_placehold_placehold_placehold_placehold_placehold_placeho/x86_64-conda-linux-gnu/sysroot --with-build-sysroot=/home/conda/feedstock_root/build_artifacts/gcc_compilers_1699751145211/_build_env/x86_64-conda-linux-gnu/sysroot --with-gxx-include-dir=/home/conda/feedstock_root/build_artifacts/gcc_compilers_1699751145211/_h_env_placehold_placehold_placehold_placehold_placehold_placehold_placehold_placehold_placehold_placehold_placehold_placehold_placehold_placehold_placehold_placehold_placehold_placeho/x86_64-conda-linux-gnu/include/c++/12.3.0 --with-pkgversion='conda-forge gcc 12.3.0-3' --with-bugurl=https://github.com/conda-forge/ctng-compilers-feedstock/issues/new/choose
Thread model: posix
Supported LTO compression algorithms: zlib
gcc version 12.3.0 (conda-forge gcc 12.3.0-3) 
COMPILER_PATH=/iphc/scratch/jcerasol/miniforge3/envs/root_TP/bin/../libexec/gcc/x86_64-conda-linux-gnu/12.3.0/:/iphc/scratch/jcerasol/miniforge3/envs/root_TP/bin/../libexec/gcc/:/iphc/scratch/jcerasol/miniforge3/envs/root_TP/bin/../lib/gcc/x86_64-conda-linux-gnu/12.3.0/../../../../x86_64-conda-linux-gnu/bin/
LIBRARY_PATH=/iphc/scratch/jcerasol/miniforge3/envs/root_TP/bin/../lib/gcc/x86_64-conda-linux-gnu/12.3.0/:/iphc/scratch/jcerasol/miniforge3/envs/root_TP/bin/../lib/gcc/:/iphc/scratch/jcerasol/miniforge3/envs/root_TP/bin/../lib/gcc/x86_64-conda-linux-gnu/12.3.0/../../../../x86_64-conda-linux-gnu/lib/../lib/:/iphc/scratch/jcerasol/miniforge3/envs/root_TP/bin/../lib/gcc/x86_64-conda-linux-gnu/12.3.0/../../../../lib/:/iphc/scratch/jcerasol/miniforge3/envs/root_TP/bin/../x86_64-conda-linux-gnu/sysroot/lib/../lib/:/iphc/scratch/jcerasol/miniforge3/envs/root_TP/bin/../x86_64-conda-linux-gnu/sysroot/usr/lib/../lib/:/iphc/scratch/jcerasol/miniforge3/envs/root_TP/bin/../lib/gcc/x86_64-conda-linux-gnu/12.3.0/../../../../x86_64-conda-linux-gnu/lib/:/iphc/scratch/jcerasol/miniforge3/envs/root_TP/bin/../lib/gcc/x86_64-conda-linux-gnu/12.3.0/../../../:/iphc/scratch/jcerasol/miniforge3/envs/root_TP/bin/../x86_64-conda-linux-gnu/sysroot/lib/:/iphc/scratch/jcerasol/miniforge3/envs/root_TP/bin/../x86_64-conda-linux-gnu/sysroot/usr/lib/
COLLECT_GCC_OPTIONS='-march=nocona' '-mtune=haswell' '-ftree-vectorize' '-fPIC' '-fstack-protector-strong' '-fno-plt' '-O2' '-ffunction-sections' '-pipe' '-isystem' '/scratch/jcerasol/miniforge3/envs/root_TP/include' '-v' '-o' 'cmTryCompileExec756241315' '-rdynamic' '-dumpdir' 'cmTryCompileExec756241315.'
 /iphc/scratch/jcerasol/miniforge3/envs/root_TP/bin/../libexec/gcc/x86_64-conda-linux-gnu/12.3.0/collect2 -plugin /iphc/scratch/jcerasol/miniforge3/envs/root_TP/bin/../libexec/gcc/x86_64-conda-linux-gnu/12.3.0/liblto_plugin.so -plugin-opt=/iphc/scratch/jcerasol/miniforge3/envs/root_TP/bin/../libexec/gcc/x86_64-conda-linux-gnu/12.3.0/lto-wrapper -plugin-opt=-fresolution=/tmp/ccnqS4dg.res -plugin-opt=-pass-through=-lgcc -plugin-opt=-pass-through=-lgcc_s -plugin-opt=-pass-through=-lc -plugin-opt=-pass-through=-lgcc -plugin-opt=-pass-through=-lgcc_s --sysroot=/iphc/scratch/jcerasol/miniforge3/envs/root_TP/bin/../x86_64-conda-linux-gnu/sysroot --eh-frame-hdr -m elf_x86_64 -export-dynamic -dynamic-linker /lib64/ld-linux-x86-64.so.2 -pie -o cmTryCompileExec756241315 /iphc/scratch/jcerasol/miniforge3/envs/root_TP/bin/../x86_64-conda-linux-gnu/sysroot/usr/lib/../lib/Scrt1.o /iphc/scratch/jcerasol/miniforge3/envs/root_TP/bin/../x86_64-conda-linux-gnu/sysroot/usr/lib/../lib/crti.o /iphc/scratch/jcerasol/miniforge3/envs/root_TP/bin/../lib/gcc/x86_64-conda-linux-gnu/12.3.0/crtbeginS.o -L/iphc/scratch/jcerasol/miniforge3/envs/root_TP/bin/../lib/gcc/x86_64-conda-linux-gnu/12.3.0 -L/iphc/scratch/jcerasol/miniforge3/envs/root_TP/bin/../lib/gcc -L/iphc/scratch/jcerasol/miniforge3/envs/root_TP/bin/../lib/gcc/x86_64-conda-linux-gnu/12.3.0/../../../../x86_64-conda-linux-gnu/lib/../lib -L/iphc/scratch/jcerasol/miniforge3/envs/root_TP/bin/../lib/gcc/x86_64-conda-linux-gnu/12.3.0/../../../../lib -L/iphc/scratch/jcerasol/miniforge3/envs/root_TP/bin/../x86_64-conda-linux-gnu/sysroot/lib/../lib -L/iphc/scratch/jcerasol/miniforge3/envs/root_TP/bin/../x86_64-conda-linux-gnu/sysroot/usr/lib/../lib -L/iphc/scratch/jcerasol/miniforge3/envs/root_TP/bin/../lib/gcc/x86_64-conda-linux-gnu/12.3.0/../../../../x86_64-conda-linux-gnu/lib -L/iphc/scratch/jcerasol/miniforge3/envs/root_TP/bin/../lib/gcc/x86_64-conda-linux-gnu/12.3.0/../../.. -L/iphc/scratch/jcerasol/miniforge3/envs/root_TP/bin/../x86_64-conda-linux-gnu/sysroot/lib -L/iphc/scratch/jcerasol/miniforge3/envs/root_TP/bin/../x86_64-conda-linux-gnu/sysroot/usr/lib CMakeFiles/cmTryCompileExec756241315.dir/CMakeCCompilerABI.c.o -lgcc --push-state --as-needed -lgcc_s --pop-state -lc -lgcc --push-state --as-needed -lgcc_s --pop-state /iphc/scratch/jcerasol/miniforge3/envs/root_TP/bin/../lib/gcc/x86_64-conda-linux-gnu/12.3.0/crtendS.o /iphc/scratch/jcerasol/miniforge3/envs/root_TP/bin/../x86_64-conda-linux-gnu/sysroot/usr/lib/../lib/crtn.o -rpath /scratch/jcerasol/miniforge3/envs/root_TP/lib
COLLECT_GCC_OPTIONS='-march=nocona' '-mtune=haswell' '-ftree-vectorize' '-fPIC' '-fstack-protector-strong' '-fno-plt' '-O2' '-ffunction-sections' '-pipe' '-isystem' '/scratch/jcerasol/miniforge3/envs/root_TP/include' '-v' '-o' 'cmTryCompileExec756241315' '-rdynamic' '-dumpdir' 'cmTryCompileExec756241315.'
gmake[1]: Leaving directory `/iphc/home/ftouchte/TIPP/JUNO/build/CMakeFiles/CMakeTmp'


Parsed C implicit link information from above output:
  link line regex: [^( *|.*[/\])(ld|([^/\]+-)?ld|collect2)[^/\]*( |$)]
  ignore line: [Change Dir: /home/ftouchte/TIPP/JUNO/build/CMakeFiles/CMakeTmp]
  ignore line: []
  ignore line: [Run Build Command:/usr/bin/gmake "cmTryCompileExec756241315/fast"]
  ignore line: [/usr/bin/gmake -f CMakeFiles/cmTryCompileExec756241315.dir/build.make CMakeFiles/cmTryCompileExec756241315.dir/build]
  ignore line: [gmake[1]: Entering directory `/iphc/home/ftouchte/TIPP/JUNO/build/CMakeFiles/CMakeTmp']
  ignore line: [/usr/bin/cmake -E cmake_progress_report /home/ftouchte/TIPP/JUNO/build/CMakeFiles/CMakeTmp/CMakeFiles 1]
  ignore line: [Building C object CMakeFiles/cmTryCompileExec756241315.dir/CMakeCCompilerABI.c.o]
  ignore line: [/scratch/jcerasol/miniforge3/envs/root_TP/bin/x86_64-conda-linux-gnu-cc   -march=nocona -mtune=haswell -ftree-vectorize -fPIC -fstack-protector-strong -fno-plt -O2 -ffunction-sections -pipe -isystem /scratch/jcerasol/miniforge3/envs/root_TP/include     -o CMakeFiles/cmTryCompileExec756241315.dir/CMakeCCompilerABI.c.o   -c /usr/share/cmake/Modules/CMakeCCompilerABI.c]
  ignore line: [Linking C executable cmTryCompileExec756241315]
  ignore line: [/usr/bin/cmake -E cmake_link_script CMakeFiles/cmTryCompileExec756241315.dir/link.txt --verbose=1]
  ignore line: [/scratch/jcerasol/miniforge3/envs/root_TP/bin/x86_64-conda-linux-gnu-cc  -march=nocona -mtune=haswell -ftree-vectorize -fPIC -fstack-protector-strong -fno-plt -O2 -ffunction-sections -pipe -isystem /scratch/jcerasol/miniforge3/envs/root_TP/include    -v CMakeFiles/cmTryCompileExec756241315.dir/CMakeCCompilerABI.c.o  -o cmTryCompileExec756241315 -rdynamic  ]
  ignore line: [Reading specs from /iphc/scratch/jcerasol/miniforge3/envs/root_TP/bin/../lib/gcc/x86_64-conda-linux-gnu/12.3.0/specs]
  ignore line: [could not find specs file conda.specs]
  ignore line: [COLLECT_GCC=/scratch/jcerasol/miniforge3/envs/root_TP/bin/x86_64-conda-linux-gnu-cc]
  ignore line: [COLLECT_LTO_WRAPPER=/iphc/scratch/jcerasol/miniforge3/envs/root_TP/bin/../libexec/gcc/x86_64-conda-linux-gnu/12.3.0/lto-wrapper]
  ignore line: [Target: x86_64-conda-linux-gnu]
  ignore line: [Configured with: ../configure --prefix=/home/conda/feedstock_root/build_artifacts/gcc_compilers_1699751145211/_h_env_placehold_placehold_placehold_placehold_placehold_placehold_placehold_placehold_placehold_placehold_placehold_placehold_placehold_placehold_placehold_placehold_placehold_placeho --with-slibdir=/home/conda/feedstock_root/build_artifacts/gcc_compilers_1699751145211/_h_env_placehold_placehold_placehold_placehold_placehold_placehold_placehold_placehold_placehold_placehold_placehold_placehold_placehold_placehold_placehold_placehold_placehold_placeho/lib --libdir=/home/conda/feedstock_root/build_artifacts/gcc_compilers_1699751145211/_h_env_placehold_placehold_placehold_placehold_placehold_placehold_placehold_placehold_placehold_placehold_placehold_placehold_placehold_placehold_placehold_placehold_placehold_placeho/lib --mandir=/home/conda/feedstock_root/build_artifacts/gcc_compilers_1699751145211/_h_env_placehold_placehold_placehold_placehold_placehold_placehold_placehold_placehold_placehold_placehold_placehold_placehold_placehold_placehold_placehold_placehold_placehold_placeho/man --build=x86_64-conda-linux-gnu --host=x86_64-conda-linux-gnu --target=x86_64-conda-linux-gnu --enable-default-pie --enable-languages=c,c++,fortran,objc,obj-c++ --enable-__cxa_atexit --disable-libmudflap --enable-libgomp --disable-libssp --enable-libquadmath --enable-libquadmath-support --enable-libsanitizer --enable-lto --enable-threads=posix --enable-target-optspace --enable-plugin --enable-gold --disable-nls --disable-bootstrap --disable-multilib --enable-long-long --with-sysroot=/home/conda/feedstock_root/build_artifacts/gcc_compilers_1699751145211/_h_env_placehold_placehold_placehold_placehold_placehold_placehold_placehold_placehold_placehold_placehold_placehold_placehold_placehold_placehold_placehold_placehold_placehold_placeho/x86_64-conda-linux-gnu/sysroot --with-build-sysroot=/home/conda/feedstock_root/build_artifacts/gcc_compilers_1699751145211/_build_env/x86_64-conda-linux-gnu/sysroot --with-gxx-include-dir=/home/conda/feedstock_root/build_artifacts/gcc_compilers_1699751145211/_h_env_placehold_placehold_placehold_placehold_placehold_placehold_placehold_placehold_placehold_placehold_placehold_placehold_placehold_placehold_placehold_placehold_placehold_placeho/x86_64-conda-linux-gnu/include/c++/12.3.0 --with-pkgversion='conda-forge gcc 12.3.0-3' --with-bugurl=https://github.com/conda-forge/ctng-compilers-feedstock/issues/new/choose]
  ignore line: [Thread model: posix]
  ignore line: [Supported LTO compression algorithms: zlib]
  ignore line: [gcc version 12.3.0 (conda-forge gcc 12.3.0-3) ]
  ignore line: [COMPILER_PATH=/iphc/scratch/jcerasol/miniforge3/envs/root_TP/bin/../libexec/gcc/x86_64-conda-linux-gnu/12.3.0/:/iphc/scratch/jcerasol/miniforge3/envs/root_TP/bin/../libexec/gcc/:/iphc/scratch/jcerasol/miniforge3/envs/root_TP/bin/../lib/gcc/x86_64-conda-linux-gnu/12.3.0/../../../../x86_64-conda-linux-gnu/bin/]
  ignore line: [LIBRARY_PATH=/iphc/scratch/jcerasol/miniforge3/envs/root_TP/bin/../lib/gcc/x86_64-conda-linux-gnu/12.3.0/:/iphc/scratch/jcerasol/miniforge3/envs/root_TP/bin/../lib/gcc/:/iphc/scratch/jcerasol/miniforge3/envs/root_TP/bin/../lib/gcc/x86_64-conda-linux-gnu/12.3.0/../../../../x86_64-conda-linux-gnu/lib/../lib/:/iphc/scratch/jcerasol/miniforge3/envs/root_TP/bin/../lib/gcc/x86_64-conda-linux-gnu/12.3.0/../../../../lib/:/iphc/scratch/jcerasol/miniforge3/envs/root_TP/bin/../x86_64-conda-linux-gnu/sysroot/lib/../lib/:/iphc/scratch/jcerasol/miniforge3/envs/root_TP/bin/../x86_64-conda-linux-gnu/sysroot/usr/lib/../lib/:/iphc/scratch/jcerasol/miniforge3/envs/root_TP/bin/../lib/gcc/x86_64-conda-linux-gnu/12.3.0/../../../../x86_64-conda-linux-gnu/lib/:/iphc/scratch/jcerasol/miniforge3/envs/root_TP/bin/../lib/gcc/x86_64-conda-linux-gnu/12.3.0/../../../:/iphc/scratch/jcerasol/miniforge3/envs/root_TP/bin/../x86_64-conda-linux-gnu/sysroot/lib/:/iphc/scratch/jcerasol/miniforge3/envs/root_TP/bin/../x86_64-conda-linux-gnu/sysroot/usr/lib/]
  ignore line: [COLLECT_GCC_OPTIONS='-march=nocona' '-mtune=haswell' '-ftree-vectorize' '-fPIC' '-fstack-protector-strong' '-fno-plt' '-O2' '-ffunction-sections' '-pipe' '-isystem' '/scratch/jcerasol/miniforge3/envs/root_TP/include' '-v' '-o' 'cmTryCompileExec756241315' '-rdynamic' '-dumpdir' 'cmTryCompileExec756241315.']
  link line: [ /iphc/scratch/jcerasol/miniforge3/envs/root_TP/bin/../libexec/gcc/x86_64-conda-linux-gnu/12.3.0/collect2 -plugin /iphc/scratch/jcerasol/miniforge3/envs/root_TP/bin/../libexec/gcc/x86_64-conda-linux-gnu/12.3.0/liblto_plugin.so -plugin-opt=/iphc/scratch/jcerasol/miniforge3/envs/root_TP/bin/../libexec/gcc/x86_64-conda-linux-gnu/12.3.0/lto-wrapper -plugin-opt=-fresolution=/tmp/ccnqS4dg.res -plugin-opt=-pass-through=-lgcc -plugin-opt=-pass-through=-lgcc_s -plugin-opt=-pass-through=-lc -plugin-opt=-pass-through=-lgcc -plugin-opt=-pass-through=-lgcc_s --sysroot=/iphc/scratch/jcerasol/miniforge3/envs/root_TP/bin/../x86_64-conda-linux-gnu/sysroot --eh-frame-hdr -m elf_x86_64 -export-dynamic -dynamic-linker /lib64/ld-linux-x86-64.so.2 -pie -o cmTryCompileExec756241315 /iphc/scratch/jcerasol/miniforge3/envs/root_TP/bin/../x86_64-conda-linux-gnu/sysroot/usr/lib/../lib/Scrt1.o /iphc/scratch/jcerasol/miniforge3/envs/root_TP/bin/../x86_64-conda-linux-gnu/sysroot/usr/lib/../lib/crti.o /iphc/scratch/jcerasol/miniforge3/envs/root_TP/bin/../lib/gcc/x86_64-conda-linux-gnu/12.3.0/crtbeginS.o -L/iphc/scratch/jcerasol/miniforge3/envs/root_TP/bin/../lib/gcc/x86_64-conda-linux-gnu/12.3.0 -L/iphc/scratch/jcerasol/miniforge3/envs/root_TP/bin/../lib/gcc -L/iphc/scratch/jcerasol/miniforge3/envs/root_TP/bin/../lib/gcc/x86_64-conda-linux-gnu/12.3.0/../../../../x86_64-conda-linux-gnu/lib/../lib -L/iphc/scratch/jcerasol/miniforge3/envs/root_TP/bin/../lib/gcc/x86_64-conda-linux-gnu/12.3.0/../../../../lib -L/iphc/scratch/jcerasol/miniforge3/envs/root_TP/bin/../x86_64-conda-linux-gnu/sysroot/lib/../lib -L/iphc/scratch/jcerasol/miniforge3/envs/root_TP/bin/../x86_64-conda-linux-gnu/sysroot/usr/lib/../lib -L/iphc/scratch/jcerasol/miniforge3/envs/root_TP/bin/../lib/gcc/x86_64-conda-linux-gnu/12.3.0/../../../../x86_64-conda-linux-gnu/lib -L/iphc/scratch/jcerasol/miniforge3/envs/root_TP/bin/../lib/gcc/x86_64-conda-linux-gnu/12.3.0/../../.. -L/iphc/scratch/jcerasol/miniforge3/envs/root_TP/bin/../x86_64-conda-linux-gnu/sysroot/lib -L/iphc/scratch/jcerasol/miniforge3/envs/root_TP/bin/../x86_64-conda-linux-gnu/sysroot/usr/lib CMakeFiles/cmTryCompileExec756241315.dir/CMakeCCompilerABI.c.o -lgcc --push-state --as-needed -lgcc_s --pop-state -lc -lgcc --push-state --as-needed -lgcc_s --pop-state /iphc/scratch/jcerasol/miniforge3/envs/root_TP/bin/../lib/gcc/x86_64-conda-linux-gnu/12.3.0/crtendS.o /iphc/scratch/jcerasol/miniforge3/envs/root_TP/bin/../x86_64-conda-linux-gnu/sysroot/usr/lib/../lib/crtn.o -rpath /scratch/jcerasol/miniforge3/envs/root_TP/lib]
    arg [/iphc/scratch/jcerasol/miniforge3/envs/root_TP/bin/../libexec/gcc/x86_64-conda-linux-gnu/12.3.0/collect2] ==> ignore
    arg [-plugin] ==> ignore
    arg [/iphc/scratch/jcerasol/miniforge3/envs/root_TP/bin/../libexec/gcc/x86_64-conda-linux-gnu/12.3.0/liblto_plugin.so] ==> ignore
    arg [-plugin-opt=/iphc/scratch/jcerasol/miniforge3/envs/root_TP/bin/../libexec/gcc/x86_64-conda-linux-gnu/12.3.0/lto-wrapper] ==> ignore
    arg [-plugin-opt=-fresolution=/tmp/ccnqS4dg.res] ==> ignore
    arg [-plugin-opt=-pass-through=-lgcc] ==> ignore
    arg [-plugin-opt=-pass-through=-lgcc_s] ==> ignore
    arg [-plugin-opt=-pass-through=-lc] ==> ignore
    arg [-plugin-opt=-pass-through=-lgcc] ==> ignore
    arg [-plugin-opt=-pass-through=-lgcc_s] ==> ignore
    arg [--sysroot=/iphc/scratch/jcerasol/miniforge3/envs/root_TP/bin/../x86_64-conda-linux-gnu/sysroot] ==> ignore
    arg [--eh-frame-hdr] ==> ignore
    arg [-m] ==> ignore
    arg [elf_x86_64] ==> ignore
    arg [-export-dynamic] ==> ignore
    arg [-dynamic-linker] ==> ignore
    arg [/lib64/ld-linux-x86-64.so.2] ==> ignore
    arg [-pie] ==> ignore
    arg [-o] ==> ignore
    arg [cmTryCompileExec756241315] ==> ignore
    arg [/iphc/scratch/jcerasol/miniforge3/envs/root_TP/bin/../x86_64-conda-linux-gnu/sysroot/usr/lib/../lib/Scrt1.o] ==> ignore
    arg [/iphc/scratch/jcerasol/miniforge3/envs/root_TP/bin/../x86_64-conda-linux-gnu/sysroot/usr/lib/../lib/crti.o] ==> ignore
    arg [/iphc/scratch/jcerasol/miniforge3/envs/root_TP/bin/../lib/gcc/x86_64-conda-linux-gnu/12.3.0/crtbeginS.o] ==> ignore
    arg [-L/iphc/scratch/jcerasol/miniforge3/envs/root_TP/bin/../lib/gcc/x86_64-conda-linux-gnu/12.3.0] ==> dir [/iphc/scratch/jcerasol/miniforge3/envs/root_TP/bin/../lib/gcc/x86_64-conda-linux-gnu/12.3.0]
    arg [-L/iphc/scratch/jcerasol/miniforge3/envs/root_TP/bin/../lib/gcc] ==> dir [/iphc/scratch/jcerasol/miniforge3/envs/root_TP/bin/../lib/gcc]
    arg [-L/iphc/scratch/jcerasol/miniforge3/envs/root_TP/bin/../lib/gcc/x86_64-conda-linux-gnu/12.3.0/../../../../x86_64-conda-linux-gnu/lib/../lib] ==> dir [/iphc/scratch/jcerasol/miniforge3/envs/root_TP/bin/../lib/gcc/x86_64-conda-linux-gnu/12.3.0/../../../../x86_64-conda-linux-gnu/lib/../lib]
    arg [-L/iphc/scratch/jcerasol/miniforge3/envs/root_TP/bin/../lib/gcc/x86_64-conda-linux-gnu/12.3.0/../../../../lib] ==> dir [/iphc/scratch/jcerasol/miniforge3/envs/root_TP/bin/../lib/gcc/x86_64-conda-linux-gnu/12.3.0/../../../../lib]
    arg [-L/iphc/scratch/jcerasol/miniforge3/envs/root_TP/bin/../x86_64-conda-linux-gnu/sysroot/lib/../lib] ==> dir [/iphc/scratch/jcerasol/miniforge3/envs/root_TP/bin/../x86_64-conda-linux-gnu/sysroot/lib/../lib]
    arg [-L/iphc/scratch/jcerasol/miniforge3/envs/root_TP/bin/../x86_64-conda-linux-gnu/sysroot/usr/lib/../lib] ==> dir [/iphc/scratch/jcerasol/miniforge3/envs/root_TP/bin/../x86_64-conda-linux-gnu/sysroot/usr/lib/../lib]
    arg [-L/iphc/scratch/jcerasol/miniforge3/envs/root_TP/bin/../lib/gcc/x86_64-conda-linux-gnu/12.3.0/../../../../x86_64-conda-linux-gnu/lib] ==> dir [/iphc/scratch/jcerasol/miniforge3/envs/root_TP/bin/../lib/gcc/x86_64-conda-linux-gnu/12.3.0/../../../../x86_64-conda-linux-gnu/lib]
    arg [-L/iphc/scratch/jcerasol/miniforge3/envs/root_TP/bin/../lib/gcc/x86_64-conda-linux-gnu/12.3.0/../../..] ==> dir [/iphc/scratch/jcerasol/miniforge3/envs/root_TP/bin/../lib/gcc/x86_64-conda-linux-gnu/12.3.0/../../..]
    arg [-L/iphc/scratch/jcerasol/miniforge3/envs/root_TP/bin/../x86_64-conda-linux-gnu/sysroot/lib] ==> dir [/iphc/scratch/jcerasol/miniforge3/envs/root_TP/bin/../x86_64-conda-linux-gnu/sysroot/lib]
    arg [-L/iphc/scratch/jcerasol/miniforge3/envs/root_TP/bin/../x86_64-conda-linux-gnu/sysroot/usr/lib] ==> dir [/iphc/scratch/jcerasol/miniforge3/envs/root_TP/bin/../x86_64-conda-linux-gnu/sysroot/usr/lib]
    arg [CMakeFiles/cmTryCompileExec756241315.dir/CMakeCCompilerABI.c.o] ==> ignore
    arg [-lgcc] ==> lib [gcc]
    arg [--push-state] ==> ignore
    arg [--as-needed] ==> ignore
    arg [-lgcc_s] ==> lib [gcc_s]
    arg [--pop-state] ==> ignore
    arg [-lc] ==> lib [c]
    arg [-lgcc] ==> lib [gcc]
    arg [--push-state] ==> ignore
    arg [--as-needed] ==> ignore
    arg [-lgcc_s] ==> lib [gcc_s]
    arg [--pop-state] ==> ignore
    arg [/iphc/scratch/jcerasol/miniforge3/envs/root_TP/bin/../lib/gcc/x86_64-conda-linux-gnu/12.3.0/crtendS.o] ==> ignore
    arg [/iphc/scratch/jcerasol/miniforge3/envs/root_TP/bin/../x86_64-conda-linux-gnu/sysroot/usr/lib/../lib/crtn.o] ==> ignore
    arg [-rpath] ==> ignore
    arg [/scratch/jcerasol/miniforge3/envs/root_TP/lib] ==> ignore
  remove lib [gcc]
  remove lib [gcc_s]
  remove lib [gcc]
  remove lib [gcc_s]
  collapse library dir [/iphc/scratch/jcerasol/miniforge3/envs/root_TP/bin/../lib/gcc/x86_64-conda-linux-gnu/12.3.0] ==> [/iphc/scratch/jcerasol/miniforge3/envs/root_TP/lib/gcc/x86_64-conda-linux-gnu/12.3.0]
  collapse library dir [/iphc/scratch/jcerasol/miniforge3/envs/root_TP/bin/../lib/gcc] ==> [/iphc/scratch/jcerasol/miniforge3/envs/root_TP/lib/gcc]
  collapse library dir [/iphc/scratch/jcerasol/miniforge3/envs/root_TP/bin/../lib/gcc/x86_64-conda-linux-gnu/12.3.0/../../../../x86_64-conda-linux-gnu/lib/../lib] ==> [/iphc/scratch/jcerasol/miniforge3/envs/root_TP/x86_64-conda-linux-gnu/lib]
  collapse library dir [/iphc/scratch/jcerasol/miniforge3/envs/root_TP/bin/../lib/gcc/x86_64-conda-linux-gnu/12.3.0/../../../../lib] ==> [/iphc/scratch/jcerasol/miniforge3/envs/root_TP/lib]
  collapse library dir [/iphc/scratch/jcerasol/miniforge3/envs/root_TP/bin/../x86_64-conda-linux-gnu/sysroot/lib/../lib] ==> [/iphc/scratch/jcerasol/miniforge3/envs/root_TP/x86_64-conda-linux-gnu/sysroot/lib]
  collapse library dir [/iphc/scratch/jcerasol/miniforge3/envs/root_TP/bin/../x86_64-conda-linux-gnu/sysroot/usr/lib/../lib] ==> [/iphc/scratch/jcerasol/miniforge3/envs/root_TP/x86_64-conda-linux-gnu/sysroot/usr/lib]
  collapse library dir [/iphc/scratch/jcerasol/miniforge3/envs/root_TP/bin/../lib/gcc/x86_64-conda-linux-gnu/12.3.0/../../../../x86_64-conda-linux-gnu/lib] ==> [/iphc/scratch/jcerasol/miniforge3/envs/root_TP/x86_64-conda-linux-gnu/lib]
  collapse library dir [/iphc/scratch/jcerasol/miniforge3/envs/root_TP/bin/../lib/gcc/x86_64-conda-linux-gnu/12.3.0/../../..] ==> [/iphc/scratch/jcerasol/miniforge3/envs/root_TP/lib]
  collapse library dir [/iphc/scratch/jcerasol/miniforge3/envs/root_TP/bin/../x86_64-conda-linux-gnu/sysroot/lib] ==> [/iphc/scratch/jcerasol/miniforge3/envs/root_TP/x86_64-conda-linux-gnu/sysroot/lib]
  collapse library dir [/iphc/scratch/jcerasol/miniforge3/envs/root_TP/bin/../x86_64-conda-linux-gnu/sysroot/usr/lib] ==> [/iphc/scratch/jcerasol/miniforge3/envs/root_TP/x86_64-conda-linux-gnu/sysroot/usr/lib]
  implicit libs: [c]
  implicit dirs: [/iphc/scratch/jcerasol/miniforge3/envs/root_TP/lib/gcc/x86_64-conda-linux-gnu/12.3.0;/iphc/scratch/jcerasol/miniforge3/envs/root_TP/lib/gcc;/iphc/scratch/jcerasol/miniforge3/envs/root_TP/x86_64-conda-linux-gnu/lib;/iphc/scratch/jcerasol/miniforge3/envs/root_TP/lib;/iphc/scratch/jcerasol/miniforge3/envs/root_TP/x86_64-conda-linux-gnu/sysroot/lib;/iphc/scratch/jcerasol/miniforge3/envs/root_TP/x86_64-conda-linux-gnu/sysroot/usr/lib]
  implicit fwks: []


Determining if the CXX compiler works passed with the following output:
Change Dir: /home/ftouchte/TIPP/JUNO/build/CMakeFiles/CMakeTmp

Run Build Command:/usr/bin/gmake "cmTryCompileExec1159989027/fast"
/usr/bin/gmake -f CMakeFiles/cmTryCompileExec1159989027.dir/build.make CMakeFiles/cmTryCompileExec1159989027.dir/build
gmake[1]: Entering directory `/iphc/home/ftouchte/TIPP/JUNO/build/CMakeFiles/CMakeTmp'
/usr/bin/cmake -E cmake_progress_report /home/ftouchte/TIPP/JUNO/build/CMakeFiles/CMakeTmp/CMakeFiles 1
Building CXX object CMakeFiles/cmTryCompileExec1159989027.dir/testCXXCompiler.cxx.o
/scratch/jcerasol/miniforge3/envs/root_TP/bin/x86_64-conda-linux-gnu-c++    -fvisibility-inlines-hidden -fmessage-length=0 -march=nocona -mtune=haswell -ftree-vectorize -fPIC -fstack-protector-strong -fno-plt -O2 -ffunction-sections -pipe -isystem /scratch/jcerasol/miniforge3/envs/root_TP/include     -o CMakeFiles/cmTryCompileExec1159989027.dir/testCXXCompiler.cxx.o -c /home/ftouchte/TIPP/JUNO/build/CMakeFiles/CMakeTmp/testCXXCompiler.cxx
Linking CXX executable cmTryCompileExec1159989027
/usr/bin/cmake -E cmake_link_script CMakeFiles/cmTryCompileExec1159989027.dir/link.txt --verbose=1
/scratch/jcerasol/miniforge3/envs/root_TP/bin/x86_64-conda-linux-gnu-c++   -fvisibility-inlines-hidden -fmessage-length=0 -march=nocona -mtune=haswell -ftree-vectorize -fPIC -fstack-protector-strong -fno-plt -O2 -ffunction-sections -pipe -isystem /scratch/jcerasol/miniforge3/envs/root_TP/include     -Wl,-O2 -Wl,--sort-common -Wl,--as-needed -Wl,-z,relro -Wl,-z,now -Wl,--disable-new-dtags -Wl,--gc-sections -Wl,--allow-shlib-undefined -Wl,-rpath,/scratch/jcerasol/miniforge3/envs/root_TP/lib -Wl,-rpath-link,/scratch/jcerasol/miniforge3/envs/root_TP/lib -L/scratch/jcerasol/miniforge3/envs/root_TP/lib CMakeFiles/cmTryCompileExec1159989027.dir/testCXXCompiler.cxx.o  -o cmTryCompileExec1159989027 -rdynamic 
gmake[1]: Leaving directory `/iphc/home/ftouchte/TIPP/JUNO/build/CMakeFiles/CMakeTmp'


Detecting CXX compiler ABI info compiled with the following output:
Change Dir: /home/ftouchte/TIPP/JUNO/build/CMakeFiles/CMakeTmp

Run Build Command:/usr/bin/gmake "cmTryCompileExec616228151/fast"
/usr/bin/gmake -f CMakeFiles/cmTryCompileExec616228151.dir/build.make CMakeFiles/cmTryCompileExec616228151.dir/build
gmake[1]: Entering directory `/iphc/home/ftouchte/TIPP/JUNO/build/CMakeFiles/CMakeTmp'
/usr/bin/cmake -E cmake_progress_report /home/ftouchte/TIPP/JUNO/build/CMakeFiles/CMakeTmp/CMakeFiles 1
Building CXX object CMakeFiles/cmTryCompileExec616228151.dir/CMakeCXXCompilerABI.cpp.o
/scratch/jcerasol/miniforge3/envs/root_TP/bin/x86_64-conda-linux-gnu-c++    -fvisibility-inlines-hidden -fmessage-length=0 -march=nocona -mtune=haswell -ftree-vectorize -fPIC -fstack-protector-strong -fno-plt -O2 -ffunction-sections -pipe -isystem /scratch/jcerasol/miniforge3/envs/root_TP/include     -o CMakeFiles/cmTryCompileExec616228151.dir/CMakeCXXCompilerABI.cpp.o -c /usr/share/cmake/Modules/CMakeCXXCompilerABI.cpp
Linking CXX executable cmTryCompileExec616228151
/usr/bin/cmake -E cmake_link_script CMakeFiles/cmTryCompileExec616228151.dir/link.txt --verbose=1
/scratch/jcerasol/miniforge3/envs/root_TP/bin/x86_64-conda-linux-gnu-c++   -fvisibility-inlines-hidden -fmessage-length=0 -march=nocona -mtune=haswell -ftree-vectorize -fPIC -fstack-protector-strong -fno-plt -O2 -ffunction-sections -pipe -isystem /scratch/jcerasol/miniforge3/envs/root_TP/include    -v CMakeFiles/cmTryCompileExec616228151.dir/CMakeCXXCompilerABI.cpp.o  -o cmTryCompileExec616228151 -rdynamic  
Reading specs from /iphc/scratch/jcerasol/miniforge3/envs/root_TP/bin/../lib/gcc/x86_64-conda-linux-gnu/12.3.0/specs
could not find specs file conda.specs
COLLECT_GCC=/scratch/jcerasol/miniforge3/envs/root_TP/bin/x86_64-conda-linux-gnu-c++
COLLECT_LTO_WRAPPER=/iphc/scratch/jcerasol/miniforge3/envs/root_TP/bin/../libexec/gcc/x86_64-conda-linux-gnu/12.3.0/lto-wrapper
Target: x86_64-conda-linux-gnu
Configured with: ../configure --prefix=/home/conda/feedstock_root/build_artifacts/gcc_compilers_1699751145211/_h_env_placehold_placehold_placehold_placehold_placehold_placehold_placehold_placehold_placehold_placehold_placehold_placehold_placehold_placehold_placehold_placehold_placehold_placeho --with-slibdir=/home/conda/feedstock_root/build_artifacts/gcc_compilers_1699751145211/_h_env_placehold_placehold_placehold_placehold_placehold_placehold_placehold_placehold_placehold_placehold_placehold_placehold_placehold_placehold_placehold_placehold_placehold_placeho/lib --libdir=/home/conda/feedstock_root/build_artifacts/gcc_compilers_1699751145211/_h_env_placehold_placehold_placehold_placehold_placehold_placehold_placehold_placehold_placehold_placehold_placehold_placehold_placehold_placehold_placehold_placehold_placehold_placeho/lib --mandir=/home/conda/feedstock_root/build_artifacts/gcc_compilers_1699751145211/_h_env_placehold_placehold_placehold_placehold_placehold_placehold_placehold_placehold_placehold_placehold_placehold_placehold_placehold_placehold_placehold_placehold_placehold_placeho/man --build=x86_64-conda-linux-gnu --host=x86_64-conda-linux-gnu --target=x86_64-conda-linux-gnu --enable-default-pie --enable-languages=c,c++,fortran,objc,obj-c++ --enable-__cxa_atexit --disable-libmudflap --enable-libgomp --disable-libssp --enable-libquadmath --enable-libquadmath-support --enable-libsanitizer --enable-lto --enable-threads=posix --enable-target-optspace --enable-plugin --enable-gold --disable-nls --disable-bootstrap --disable-multilib --enable-long-long --with-sysroot=/home/conda/feedstock_root/build_artifacts/gcc_compilers_1699751145211/_h_env_placehold_placehold_placehold_placehold_placehold_placehold_placehold_placehold_placehold_placehold_placehold_placehold_placehold_placehold_placehold_placehold_placehold_placeho/x86_64-conda-linux-gnu/sysroot --with-build-sysroot=/home/conda/feedstock_root/build_artifacts/gcc_compilers_1699751145211/_build_env/x86_64-conda-linux-gnu/sysroot --with-gxx-include-dir=/home/conda/feedstock_root/build_artifacts/gcc_compilers_1699751145211/_h_env_placehold_placehold_placehold_placehold_placehold_placehold_placehold_placehold_placehold_placehold_placehold_placehold_placehold_placehold_placehold_placehold_placehold_placeho/x86_64-conda-linux-gnu/include/c++/12.3.0 --with-pkgversion='conda-forge gcc 12.3.0-3' --with-bugurl=https://github.com/conda-forge/ctng-compilers-feedstock/issues/new/choose
Thread model: posix
Supported LTO compression algorithms: zlib
gcc version 12.3.0 (conda-forge gcc 12.3.0-3) 
COMPILER_PATH=/iphc/scratch/jcerasol/miniforge3/envs/root_TP/bin/../libexec/gcc/x86_64-conda-linux-gnu/12.3.0/:/iphc/scratch/jcerasol/miniforge3/envs/root_TP/bin/../libexec/gcc/:/iphc/scratch/jcerasol/miniforge3/envs/root_TP/bin/../lib/gcc/x86_64-conda-linux-gnu/12.3.0/../../../../x86_64-conda-linux-gnu/bin/
LIBRARY_PATH=/iphc/scratch/jcerasol/miniforge3/envs/root_TP/bin/../lib/gcc/x86_64-conda-linux-gnu/12.3.0/:/iphc/scratch/jcerasol/miniforge3/envs/root_TP/bin/../lib/gcc/:/iphc/scratch/jcerasol/miniforge3/envs/root_TP/bin/../lib/gcc/x86_64-conda-linux-gnu/12.3.0/../../../../x86_64-conda-linux-gnu/lib/../lib/:/iphc/scratch/jcerasol/miniforge3/envs/root_TP/bin/../lib/gcc/x86_64-conda-linux-gnu/12.3.0/../../../../lib/:/iphc/scratch/jcerasol/miniforge3/envs/root_TP/bin/../x86_64-conda-linux-gnu/sysroot/lib/../lib/:/iphc/scratch/jcerasol/miniforge3/envs/root_TP/bin/../x86_64-conda-linux-gnu/sysroot/usr/lib/../lib/:/iphc/scratch/jcerasol/miniforge3/envs/root_TP/bin/../lib/gcc/x86_64-conda-linux-gnu/12.3.0/../../../../x86_64-conda-linux-gnu/lib/:/iphc/scratch/jcerasol/miniforge3/envs/root_TP/bin/../lib/gcc/x86_64-conda-linux-gnu/12.3.0/../../../:/iphc/scratch/jcerasol/miniforge3/envs/root_TP/bin/../x86_64-conda-linux-gnu/sysroot/lib/:/iphc/scratch/jcerasol/miniforge3/envs/root_TP/bin/../x86_64-conda-linux-gnu/sysroot/usr/lib/
COLLECT_GCC_OPTIONS='-fvisibility-inlines-hidden' '-fmessage-length=0' '-march=nocona' '-mtune=haswell' '-ftree-vectorize' '-fPIC' '-fstack-protector-strong' '-fno-plt' '-O2' '-ffunction-sections' '-pipe' '-isystem' '/scratch/jcerasol/miniforge3/envs/root_TP/include' '-v' '-o' 'cmTryCompileExec616228151' '-rdynamic' '-shared-libgcc' '-dumpdir' 'cmTryCompileExec616228151.'
 /iphc/scratch/jcerasol/miniforge3/envs/root_TP/bin/../libexec/gcc/x86_64-conda-linux-gnu/12.3.0/collect2 -plugin /iphc/scratch/jcerasol/miniforge3/envs/root_TP/bin/../libexec/gcc/x86_64-conda-linux-gnu/12.3.0/liblto_plugin.so -plugin-opt=/iphc/scratch/jcerasol/miniforge3/envs/root_TP/bin/../libexec/gcc/x86_64-conda-linux-gnu/12.3.0/lto-wrapper -plugin-opt=-fresolution=/tmp/ccUn2PH6.res -plugin-opt=-pass-through=-lgcc_s -plugin-opt=-pass-through=-lgcc -plugin-opt=-pass-through=-lc -plugin-opt=-pass-through=-lgcc_s -plugin-opt=-pass-through=-lgcc --sysroot=/iphc/scratch/jcerasol/miniforge3/envs/root_TP/bin/../x86_64-conda-linux-gnu/sysroot --eh-frame-hdr -m elf_x86_64 -export-dynamic -dynamic-linker /lib64/ld-linux-x86-64.so.2 -pie -o cmTryCompileExec616228151 /iphc/scratch/jcerasol/miniforge3/envs/root_TP/bin/../x86_64-conda-linux-gnu/sysroot/usr/lib/../lib/Scrt1.o /iphc/scratch/jcerasol/miniforge3/envs/root_TP/bin/../x86_64-conda-linux-gnu/sysroot/usr/lib/../lib/crti.o /iphc/scratch/jcerasol/miniforge3/envs/root_TP/bin/../lib/gcc/x86_64-conda-linux-gnu/12.3.0/crtbeginS.o -L/iphc/scratch/jcerasol/miniforge3/envs/root_TP/bin/../lib/gcc/x86_64-conda-linux-gnu/12.3.0 -L/iphc/scratch/jcerasol/miniforge3/envs/root_TP/bin/../lib/gcc -L/iphc/scratch/jcerasol/miniforge3/envs/root_TP/bin/../lib/gcc/x86_64-conda-linux-gnu/12.3.0/../../../../x86_64-conda-linux-gnu/lib/../lib -L/iphc/scratch/jcerasol/miniforge3/envs/root_TP/bin/../lib/gcc/x86_64-conda-linux-gnu/12.3.0/../../../../lib -L/iphc/scratch/jcerasol/miniforge3/envs/root_TP/bin/../x86_64-conda-linux-gnu/sysroot/lib/../lib -L/iphc/scratch/jcerasol/miniforge3/envs/root_TP/bin/../x86_64-conda-linux-gnu/sysroot/usr/lib/../lib -L/iphc/scratch/jcerasol/miniforge3/envs/root_TP/bin/../lib/gcc/x86_64-conda-linux-gnu/12.3.0/../../../../x86_64-conda-linux-gnu/lib -L/iphc/scratch/jcerasol/miniforge3/envs/root_TP/bin/../lib/gcc/x86_64-conda-linux-gnu/12.3.0/../../.. -L/iphc/scratch/jcerasol/miniforge3/envs/root_TP/bin/../x86_64-conda-linux-gnu/sysroot/lib -L/iphc/scratch/jcerasol/miniforge3/envs/root_TP/bin/../x86_64-conda-linux-gnu/sysroot/usr/lib CMakeFiles/cmTryCompileExec616228151.dir/CMakeCXXCompilerABI.cpp.o -lstdc++ -lm -lgcc_s -lgcc -lc -lgcc_s -lgcc /iphc/scratch/jcerasol/miniforge3/envs/root_TP/bin/../lib/gcc/x86_64-conda-linux-gnu/12.3.0/crtendS.o /iphc/scratch/jcerasol/miniforge3/envs/root_TP/bin/../x86_64-conda-linux-gnu/sysroot/usr/lib/../lib/crtn.o -rpath /scratch/jcerasol/miniforge3/envs/root_TP/lib
COLLECT_GCC_OPTIONS='-fvisibility-inlines-hidden' '-fmessage-length=0' '-march=nocona' '-mtune=haswell' '-ftree-vectorize' '-fPIC' '-fstack-protector-strong' '-fno-plt' '-O2' '-ffunction-sections' '-pipe' '-isystem' '/scratch/jcerasol/miniforge3/envs/root_TP/include' '-v' '-o' 'cmTryCompileExec616228151' '-rdynamic' '-shared-libgcc' '-dumpdir' 'cmTryCompileExec616228151.'
gmake[1]: Leaving directory `/iphc/home/ftouchte/TIPP/JUNO/build/CMakeFiles/CMakeTmp'


Parsed CXX implicit link information from above output:
  link line regex: [^( *|.*[/\])(ld|([^/\]+-)?ld|collect2)[^/\]*( |$)]
  ignore line: [Change Dir: /home/ftouchte/TIPP/JUNO/build/CMakeFiles/CMakeTmp]
  ignore line: []
  ignore line: [Run Build Command:/usr/bin/gmake "cmTryCompileExec616228151/fast"]
  ignore line: [/usr/bin/gmake -f CMakeFiles/cmTryCompileExec616228151.dir/build.make CMakeFiles/cmTryCompileExec616228151.dir/build]
  ignore line: [gmake[1]: Entering directory `/iphc/home/ftouchte/TIPP/JUNO/build/CMakeFiles/CMakeTmp']
  ignore line: [/usr/bin/cmake -E cmake_progress_report /home/ftouchte/TIPP/JUNO/build/CMakeFiles/CMakeTmp/CMakeFiles 1]
  ignore line: [Building CXX object CMakeFiles/cmTryCompileExec616228151.dir/CMakeCXXCompilerABI.cpp.o]
  ignore line: [/scratch/jcerasol/miniforge3/envs/root_TP/bin/x86_64-conda-linux-gnu-c++    -fvisibility-inlines-hidden -fmessage-length=0 -march=nocona -mtune=haswell -ftree-vectorize -fPIC -fstack-protector-strong -fno-plt -O2 -ffunction-sections -pipe -isystem /scratch/jcerasol/miniforge3/envs/root_TP/include     -o CMakeFiles/cmTryCompileExec616228151.dir/CMakeCXXCompilerABI.cpp.o -c /usr/share/cmake/Modules/CMakeCXXCompilerABI.cpp]
  ignore line: [Linking CXX executable cmTryCompileExec616228151]
  ignore line: [/usr/bin/cmake -E cmake_link_script CMakeFiles/cmTryCompileExec616228151.dir/link.txt --verbose=1]
  ignore line: [/scratch/jcerasol/miniforge3/envs/root_TP/bin/x86_64-conda-linux-gnu-c++   -fvisibility-inlines-hidden -fmessage-length=0 -march=nocona -mtune=haswell -ftree-vectorize -fPIC -fstack-protector-strong -fno-plt -O2 -ffunction-sections -pipe -isystem /scratch/jcerasol/miniforge3/envs/root_TP/include    -v CMakeFiles/cmTryCompileExec616228151.dir/CMakeCXXCompilerABI.cpp.o  -o cmTryCompileExec616228151 -rdynamic  ]
  ignore line: [Reading specs from /iphc/scratch/jcerasol/miniforge3/envs/root_TP/bin/../lib/gcc/x86_64-conda-linux-gnu/12.3.0/specs]
  ignore line: [could not find specs file conda.specs]
  ignore line: [COLLECT_GCC=/scratch/jcerasol/miniforge3/envs/root_TP/bin/x86_64-conda-linux-gnu-c++]
  ignore line: [COLLECT_LTO_WRAPPER=/iphc/scratch/jcerasol/miniforge3/envs/root_TP/bin/../libexec/gcc/x86_64-conda-linux-gnu/12.3.0/lto-wrapper]
  ignore line: [Target: x86_64-conda-linux-gnu]
  ignore line: [Configured with: ../configure --prefix=/home/conda/feedstock_root/build_artifacts/gcc_compilers_1699751145211/_h_env_placehold_placehold_placehold_placehold_placehold_placehold_placehold_placehold_placehold_placehold_placehold_placehold_placehold_placehold_placehold_placehold_placehold_placeho --with-slibdir=/home/conda/feedstock_root/build_artifacts/gcc_compilers_1699751145211/_h_env_placehold_placehold_placehold_placehold_placehold_placehold_placehold_placehold_placehold_placehold_placehold_placehold_placehold_placehold_placehold_placehold_placehold_placeho/lib --libdir=/home/conda/feedstock_root/build_artifacts/gcc_compilers_1699751145211/_h_env_placehold_placehold_placehold_placehold_placehold_placehold_placehold_placehold_placehold_placehold_placehold_placehold_placehold_placehold_placehold_placehold_placehold_placeho/lib --mandir=/home/conda/feedstock_root/build_artifacts/gcc_compilers_1699751145211/_h_env_placehold_placehold_placehold_placehold_placehold_placehold_placehold_placehold_placehold_placehold_placehold_placehold_placehold_placehold_placehold_placehold_placehold_placeho/man --build=x86_64-conda-linux-gnu --host=x86_64-conda-linux-gnu --target=x86_64-conda-linux-gnu --enable-default-pie --enable-languages=c,c++,fortran,objc,obj-c++ --enable-__cxa_atexit --disable-libmudflap --enable-libgomp --disable-libssp --enable-libquadmath --enable-libquadmath-support --enable-libsanitizer --enable-lto --enable-threads=posix --enable-target-optspace --enable-plugin --enable-gold --disable-nls --disable-bootstrap --disable-multilib --enable-long-long --with-sysroot=/home/conda/feedstock_root/build_artifacts/gcc_compilers_1699751145211/_h_env_placehold_placehold_placehold_placehold_placehold_placehold_placehold_placehold_placehold_placehold_placehold_placehold_placehold_placehold_placehold_placehold_placehold_placeho/x86_64-conda-linux-gnu/sysroot --with-build-sysroot=/home/conda/feedstock_root/build_artifacts/gcc_compilers_1699751145211/_build_env/x86_64-conda-linux-gnu/sysroot --with-gxx-include-dir=/home/conda/feedstock_root/build_artifacts/gcc_compilers_1699751145211/_h_env_placehold_placehold_placehold_placehold_placehold_placehold_placehold_placehold_placehold_placehold_placehold_placehold_placehold_placehold_placehold_placehold_placehold_placeho/x86_64-conda-linux-gnu/include/c++/12.3.0 --with-pkgversion='conda-forge gcc 12.3.0-3' --with-bugurl=https://github.com/conda-forge/ctng-compilers-feedstock/issues/new/choose]
  ignore line: [Thread model: posix]
  ignore line: [Supported LTO compression algorithms: zlib]
  ignore line: [gcc version 12.3.0 (conda-forge gcc 12.3.0-3) ]
  ignore line: [COMPILER_PATH=/iphc/scratch/jcerasol/miniforge3/envs/root_TP/bin/../libexec/gcc/x86_64-conda-linux-gnu/12.3.0/:/iphc/scratch/jcerasol/miniforge3/envs/root_TP/bin/../libexec/gcc/:/iphc/scratch/jcerasol/miniforge3/envs/root_TP/bin/../lib/gcc/x86_64-conda-linux-gnu/12.3.0/../../../../x86_64-conda-linux-gnu/bin/]
  ignore line: [LIBRARY_PATH=/iphc/scratch/jcerasol/miniforge3/envs/root_TP/bin/../lib/gcc/x86_64-conda-linux-gnu/12.3.0/:/iphc/scratch/jcerasol/miniforge3/envs/root_TP/bin/../lib/gcc/:/iphc/scratch/jcerasol/miniforge3/envs/root_TP/bin/../lib/gcc/x86_64-conda-linux-gnu/12.3.0/../../../../x86_64-conda-linux-gnu/lib/../lib/:/iphc/scratch/jcerasol/miniforge3/envs/root_TP/bin/../lib/gcc/x86_64-conda-linux-gnu/12.3.0/../../../../lib/:/iphc/scratch/jcerasol/miniforge3/envs/root_TP/bin/../x86_64-conda-linux-gnu/sysroot/lib/../lib/:/iphc/scratch/jcerasol/miniforge3/envs/root_TP/bin/../x86_64-conda-linux-gnu/sysroot/usr/lib/../lib/:/iphc/scratch/jcerasol/miniforge3/envs/root_TP/bin/../lib/gcc/x86_64-conda-linux-gnu/12.3.0/../../../../x86_64-conda-linux-gnu/lib/:/iphc/scratch/jcerasol/miniforge3/envs/root_TP/bin/../lib/gcc/x86_64-conda-linux-gnu/12.3.0/../../../:/iphc/scratch/jcerasol/miniforge3/envs/root_TP/bin/../x86_64-conda-linux-gnu/sysroot/lib/:/iphc/scratch/jcerasol/miniforge3/envs/root_TP/bin/../x86_64-conda-linux-gnu/sysroot/usr/lib/]
  ignore line: [COLLECT_GCC_OPTIONS='-fvisibility-inlines-hidden' '-fmessage-length=0' '-march=nocona' '-mtune=haswell' '-ftree-vectorize' '-fPIC' '-fstack-protector-strong' '-fno-plt' '-O2' '-ffunction-sections' '-pipe' '-isystem' '/scratch/jcerasol/miniforge3/envs/root_TP/include' '-v' '-o' 'cmTryCompileExec616228151' '-rdynamic' '-shared-libgcc' '-dumpdir' 'cmTryCompileExec616228151.']
  link line: [ /iphc/scratch/jcerasol/miniforge3/envs/root_TP/bin/../libexec/gcc/x86_64-conda-linux-gnu/12.3.0/collect2 -plugin /iphc/scratch/jcerasol/miniforge3/envs/root_TP/bin/../libexec/gcc/x86_64-conda-linux-gnu/12.3.0/liblto_plugin.so -plugin-opt=/iphc/scratch/jcerasol/miniforge3/envs/root_TP/bin/../libexec/gcc/x86_64-conda-linux-gnu/12.3.0/lto-wrapper -plugin-opt=-fresolution=/tmp/ccUn2PH6.res -plugin-opt=-pass-through=-lgcc_s -plugin-opt=-pass-through=-lgcc -plugin-opt=-pass-through=-lc -plugin-opt=-pass-through=-lgcc_s -plugin-opt=-pass-through=-lgcc --sysroot=/iphc/scratch/jcerasol/miniforge3/envs/root_TP/bin/../x86_64-conda-linux-gnu/sysroot --eh-frame-hdr -m elf_x86_64 -export-dynamic -dynamic-linker /lib64/ld-linux-x86-64.so.2 -pie -o cmTryCompileExec616228151 /iphc/scratch/jcerasol/miniforge3/envs/root_TP/bin/../x86_64-conda-linux-gnu/sysroot/usr/lib/../lib/Scrt1.o /iphc/scratch/jcerasol/miniforge3/envs/root_TP/bin/../x86_64-conda-linux-gnu/sysroot/usr/lib/../lib/crti.o /iphc/scratch/jcerasol/miniforge3/envs/root_TP/bin/../lib/gcc/x86_64-conda-linux-gnu/12.3.0/crtbeginS.o -L/iphc/scratch/jcerasol/miniforge3/envs/root_TP/bin/../lib/gcc/x86_64-conda-linux-gnu/12.3.0 -L/iphc/scratch/jcerasol/miniforge3/envs/root_TP/bin/../lib/gcc -L/iphc/scratch/jcerasol/miniforge3/envs/root_TP/bin/../lib/gcc/x86_64-conda-linux-gnu/12.3.0/../../../../x86_64-conda-linux-gnu/lib/../lib -L/iphc/scratch/jcerasol/miniforge3/envs/root_TP/bin/../lib/gcc/x86_64-conda-linux-gnu/12.3.0/../../../../lib -L/iphc/scratch/jcerasol/miniforge3/envs/root_TP/bin/../x86_64-conda-linux-gnu/sysroot/lib/../lib -L/iphc/scratch/jcerasol/miniforge3/envs/root_TP/bin/../x86_64-conda-linux-gnu/sysroot/usr/lib/../lib -L/iphc/scratch/jcerasol/miniforge3/envs/root_TP/bin/../lib/gcc/x86_64-conda-linux-gnu/12.3.0/../../../../x86_64-conda-linux-gnu/lib -L/iphc/scratch/jcerasol/miniforge3/envs/root_TP/bin/../lib/gcc/x86_64-conda-linux-gnu/12.3.0/../../.. -L/iphc/scratch/jcerasol/miniforge3/envs/root_TP/bin/../x86_64-conda-linux-gnu/sysroot/lib -L/iphc/scratch/jcerasol/miniforge3/envs/root_TP/bin/../x86_64-conda-linux-gnu/sysroot/usr/lib CMakeFiles/cmTryCompileExec616228151.dir/CMakeCXXCompilerABI.cpp.o -lstdc++ -lm -lgcc_s -lgcc -lc -lgcc_s -lgcc /iphc/scratch/jcerasol/miniforge3/envs/root_TP/bin/../lib/gcc/x86_64-conda-linux-gnu/12.3.0/crtendS.o /iphc/scratch/jcerasol/miniforge3/envs/root_TP/bin/../x86_64-conda-linux-gnu/sysroot/usr/lib/../lib/crtn.o -rpath /scratch/jcerasol/miniforge3/envs/root_TP/lib]
    arg [/iphc/scratch/jcerasol/miniforge3/envs/root_TP/bin/../libexec/gcc/x86_64-conda-linux-gnu/12.3.0/collect2] ==> ignore
    arg [-plugin] ==> ignore
    arg [/iphc/scratch/jcerasol/miniforge3/envs/root_TP/bin/../libexec/gcc/x86_64-conda-linux-gnu/12.3.0/liblto_plugin.so] ==> ignore
    arg [-plugin-opt=/iphc/scratch/jcerasol/miniforge3/envs/root_TP/bin/../libexec/gcc/x86_64-conda-linux-gnu/12.3.0/lto-wrapper] ==> ignore
    arg [-plugin-opt=-fresolution=/tmp/ccUn2PH6.res] ==> ignore
    arg [-plugin-opt=-pass-through=-lgcc_s] ==> ignore
    arg [-plugin-opt=-pass-through=-lgcc] ==> ignore
    arg [-plugin-opt=-pass-through=-lc] ==> ignore
    arg [-plugin-opt=-pass-through=-lgcc_s] ==> ignore
    arg [-plugin-opt=-pass-through=-lgcc] ==> ignore
    arg [--sysroot=/iphc/scratch/jcerasol/miniforge3/envs/root_TP/bin/../x86_64-conda-linux-gnu/sysroot] ==> ignore
    arg [--eh-frame-hdr] ==> ignore
    arg [-m] ==> ignore
    arg [elf_x86_64] ==> ignore
    arg [-export-dynamic] ==> ignore
    arg [-dynamic-linker] ==> ignore
    arg [/lib64/ld-linux-x86-64.so.2] ==> ignore
    arg [-pie] ==> ignore
    arg [-o] ==> ignore
    arg [cmTryCompileExec616228151] ==> ignore
    arg [/iphc/scratch/jcerasol/miniforge3/envs/root_TP/bin/../x86_64-conda-linux-gnu/sysroot/usr/lib/../lib/Scrt1.o] ==> ignore
    arg [/iphc/scratch/jcerasol/miniforge3/envs/root_TP/bin/../x86_64-conda-linux-gnu/sysroot/usr/lib/../lib/crti.o] ==> ignore
    arg [/iphc/scratch/jcerasol/miniforge3/envs/root_TP/bin/../lib/gcc/x86_64-conda-linux-gnu/12.3.0/crtbeginS.o] ==> ignore
    arg [-L/iphc/scratch/jcerasol/miniforge3/envs/root_TP/bin/../lib/gcc/x86_64-conda-linux-gnu/12.3.0] ==> dir [/iphc/scratch/jcerasol/miniforge3/envs/root_TP/bin/../lib/gcc/x86_64-conda-linux-gnu/12.3.0]
    arg [-L/iphc/scratch/jcerasol/miniforge3/envs/root_TP/bin/../lib/gcc] ==> dir [/iphc/scratch/jcerasol/miniforge3/envs/root_TP/bin/../lib/gcc]
    arg [-L/iphc/scratch/jcerasol/miniforge3/envs/root_TP/bin/../lib/gcc/x86_64-conda-linux-gnu/12.3.0/../../../../x86_64-conda-linux-gnu/lib/../lib] ==> dir [/iphc/scratch/jcerasol/miniforge3/envs/root_TP/bin/../lib/gcc/x86_64-conda-linux-gnu/12.3.0/../../../../x86_64-conda-linux-gnu/lib/../lib]
    arg [-L/iphc/scratch/jcerasol/miniforge3/envs/root_TP/bin/../lib/gcc/x86_64-conda-linux-gnu/12.3.0/../../../../lib] ==> dir [/iphc/scratch/jcerasol/miniforge3/envs/root_TP/bin/../lib/gcc/x86_64-conda-linux-gnu/12.3.0/../../../../lib]
    arg [-L/iphc/scratch/jcerasol/miniforge3/envs/root_TP/bin/../x86_64-conda-linux-gnu/sysroot/lib/../lib] ==> dir [/iphc/scratch/jcerasol/miniforge3/envs/root_TP/bin/../x86_64-conda-linux-gnu/sysroot/lib/../lib]
    arg [-L/iphc/scratch/jcerasol/miniforge3/envs/root_TP/bin/../x86_64-conda-linux-gnu/sysroot/usr/lib/../lib] ==> dir [/iphc/scratch/jcerasol/miniforge3/envs/root_TP/bin/../x86_64-conda-linux-gnu/sysroot/usr/lib/../lib]
    arg [-L/iphc/scratch/jcerasol/miniforge3/envs/root_TP/bin/../lib/gcc/x86_64-conda-linux-gnu/12.3.0/../../../../x86_64-conda-linux-gnu/lib] ==> dir [/iphc/scratch/jcerasol/miniforge3/envs/root_TP/bin/../lib/gcc/x86_64-conda-linux-gnu/12.3.0/../../../../x86_64-conda-linux-gnu/lib]
    arg [-L/iphc/scratch/jcerasol/miniforge3/envs/root_TP/bin/../lib/gcc/x86_64-conda-linux-gnu/12.3.0/../../..] ==> dir [/iphc/scratch/jcerasol/miniforge3/envs/root_TP/bin/../lib/gcc/x86_64-conda-linux-gnu/12.3.0/../../..]
    arg [-L/iphc/scratch/jcerasol/miniforge3/envs/root_TP/bin/../x86_64-conda-linux-gnu/sysroot/lib] ==> dir [/iphc/scratch/jcerasol/miniforge3/envs/root_TP/bin/../x86_64-conda-linux-gnu/sysroot/lib]
    arg [-L/iphc/scratch/jcerasol/miniforge3/envs/root_TP/bin/../x86_64-conda-linux-gnu/sysroot/usr/lib] ==> dir [/iphc/scratch/jcerasol/miniforge3/envs/root_TP/bin/../x86_64-conda-linux-gnu/sysroot/usr/lib]
    arg [CMakeFiles/cmTryCompileExec616228151.dir/CMakeCXXCompilerABI.cpp.o] ==> ignore
    arg [-lstdc++] ==> lib [stdc++]
    arg [-lm] ==> lib [m]
    arg [-lgcc_s] ==> lib [gcc_s]
    arg [-lgcc] ==> lib [gcc]
    arg [-lc] ==> lib [c]
    arg [-lgcc_s] ==> lib [gcc_s]
    arg [-lgcc] ==> lib [gcc]
    arg [/iphc/scratch/jcerasol/miniforge3/envs/root_TP/bin/../lib/gcc/x86_64-conda-linux-gnu/12.3.0/crtendS.o] ==> ignore
    arg [/iphc/scratch/jcerasol/miniforge3/envs/root_TP/bin/../x86_64-conda-linux-gnu/sysroot/usr/lib/../lib/crtn.o] ==> ignore
    arg [-rpath] ==> ignore
    arg [/scratch/jcerasol/miniforge3/envs/root_TP/lib] ==> ignore
  remove lib [gcc_s]
  remove lib [gcc]
  remove lib [gcc_s]
  remove lib [gcc]
  collapse library dir [/iphc/scratch/jcerasol/miniforge3/envs/root_TP/bin/../lib/gcc/x86_64-conda-linux-gnu/12.3.0] ==> [/iphc/scratch/jcerasol/miniforge3/envs/root_TP/lib/gcc/x86_64-conda-linux-gnu/12.3.0]
  collapse library dir [/iphc/scratch/jcerasol/miniforge3/envs/root_TP/bin/../lib/gcc] ==> [/iphc/scratch/jcerasol/miniforge3/envs/root_TP/lib/gcc]
  collapse library dir [/iphc/scratch/jcerasol/miniforge3/envs/root_TP/bin/../lib/gcc/x86_64-conda-linux-gnu/12.3.0/../../../../x86_64-conda-linux-gnu/lib/../lib] ==> [/iphc/scratch/jcerasol/miniforge3/envs/root_TP/x86_64-conda-linux-gnu/lib]
  collapse library dir [/iphc/scratch/jcerasol/miniforge3/envs/root_TP/bin/../lib/gcc/x86_64-conda-linux-gnu/12.3.0/../../../../lib] ==> [/iphc/scratch/jcerasol/miniforge3/envs/root_TP/lib]
  collapse library dir [/iphc/scratch/jcerasol/miniforge3/envs/root_TP/bin/../x86_64-conda-linux-gnu/sysroot/lib/../lib] ==> [/iphc/scratch/jcerasol/miniforge3/envs/root_TP/x86_64-conda-linux-gnu/sysroot/lib]
  collapse library dir [/iphc/scratch/jcerasol/miniforge3/envs/root_TP/bin/../x86_64-conda-linux-gnu/sysroot/usr/lib/../lib] ==> [/iphc/scratch/jcerasol/miniforge3/envs/root_TP/x86_64-conda-linux-gnu/sysroot/usr/lib]
  collapse library dir [/iphc/scratch/jcerasol/miniforge3/envs/root_TP/bin/../lib/gcc/x86_64-conda-linux-gnu/12.3.0/../../../../x86_64-conda-linux-gnu/lib] ==> [/iphc/scratch/jcerasol/miniforge3/envs/root_TP/x86_64-conda-linux-gnu/lib]
  collapse library dir [/iphc/scratch/jcerasol/miniforge3/envs/root_TP/bin/../lib/gcc/x86_64-conda-linux-gnu/12.3.0/../../..] ==> [/iphc/scratch/jcerasol/miniforge3/envs/root_TP/lib]
  collapse library dir [/iphc/scratch/jcerasol/miniforge3/envs/root_TP/bin/../x86_64-conda-linux-gnu/sysroot/lib] ==> [/iphc/scratch/jcerasol/miniforge3/envs/root_TP/x86_64-conda-linux-gnu/sysroot/lib]
  collapse library dir [/iphc/scratch/jcerasol/miniforge3/envs/root_TP/bin/../x86_64-conda-linux-gnu/sysroot/usr/lib] ==> [/iphc/scratch/jcerasol/miniforge3/envs/root_TP/x86_64-conda-linux-gnu/sysroot/usr/lib]
  implicit libs: [stdc++;m;c]
  implicit dirs: [/iphc/scratch/jcerasol/miniforge3/envs/root_TP/lib/gcc/x86_64-conda-linux-gnu/12.3.0;/iphc/scratch/jcerasol/miniforge3/envs/root_TP/lib/gcc;/iphc/scratch/jcerasol/miniforge3/envs/root_TP/x86_64-conda-linux-gnu/lib;/iphc/scratch/jcerasol/miniforge3/envs/root_TP/lib;/iphc/scratch/jcerasol/miniforge3/envs/root_TP/x86_64-conda-linux-gnu/sysroot/lib;/iphc/scratch/jcerasol/miniforge3/envs/root_TP/x86_64-conda-linux-gnu/sysroot/usr/lib]
  implicit fwks: []


